160912 18:23:27 mysqld_safe Starting mysqld daemon with databases from /home/hadoop/mysql-5.6.33/data
2016-09-12 18:23:27 0 [Warning] TIMESTAMP with implicit DEFAULT value is deprecated. Please use --explicit_defaults_for_timestamp server option (see documentation for more details).
2016-09-12 18:23:27 0 [Note] /home/hadoop/mysql-5.6.33/bin/mysqld (mysqld 5.6.33) starting as process 26652 ...
2016-09-12 18:23:27 26652 [Note] Plugin 'FEDERATED' is disabled.
2016-09-12 18:23:27 26652 [Note] InnoDB: Using atomics to ref count buffer pool pages
2016-09-12 18:23:27 26652 [Note] InnoDB: The InnoDB memory heap is disabled
2016-09-12 18:23:27 26652 [Note] InnoDB: Mutexes and rw_locks use GCC atomic builtins
2016-09-12 18:23:27 26652 [Note] InnoDB: Memory barrier is not used
2016-09-12 18:23:27 26652 [Note] InnoDB: Compressed tables use zlib 1.2.3
2016-09-12 18:23:27 26652 [Note] InnoDB: Using Linux native AIO
2016-09-12 18:23:27 26652 [Note] InnoDB: Not using CPU crc32 instructions
2016-09-12 18:23:27 26652 [Note] InnoDB: Initializing buffer pool, size = 128.0M
2016-09-12 18:23:27 26652 [Note] InnoDB: Completed initialization of buffer pool
2016-09-12 18:23:27 26652 [Note] InnoDB: Highest supported file format is Barracuda.
2016-09-12 18:23:27 26652 [Note] InnoDB: 128 rollback segment(s) are active.
2016-09-12 18:23:27 26652 [Note] InnoDB: Waiting for purge to start
2016-09-12 18:23:27 26652 [Note] InnoDB: 5.6.33 started; log sequence number 1625987
2016-09-12 18:23:27 26652 [Warning] No existing UUID has been found, so we assume that this is the first time that this server has been started. Generating a new UUID: f1f3cac2-78d2-11e6-a6bb-faa5830c9f00.
2016-09-12 18:23:27 26652 [Note] Server hostname (bind-address): '*'; port: 3306
2016-09-12 18:23:27 26652 [Note] IPv6 is available.
2016-09-12 18:23:27 26652 [Note]   - '::' resolves to '::';
2016-09-12 18:23:27 26652 [Note] Server socket created on IP: '::'.
2016-09-12 18:23:27 26652 [Note] Event Scheduler: Loaded 0 events
2016-09-12 18:23:27 26652 [Note] /home/hadoop/mysql-5.6.33/bin/mysqld: ready for connections.
Version: '5.6.33'  socket: '/tmp/mysql.sock'  port: 3306  MySQL Community Server (GPL)
2016-09-29 19:02:36 26652 [Warning] IP address '192.168.0.30' could not be resolved: Name or service not known
2016-10-10 15:59:06 26652 [Warning] IP address '192.168.0.75' could not be resolved: Name or service not known
2016-10-10 16:04:17 26652 [Warning] IP address '192.168.0.33' could not be resolved: Name or service not known
2016-10-10 16:07:50 26652 [Warning] IP address '192.168.0.34' could not be resolved: Name or service not known
2016-10-10 17:23:51 26652 [Warning] IP address '192.168.0.32' could not be resolved: Name or service not known
2017-04-15 10:26:33 26652 [ERROR] Can't create thread to handle request (errno= 11)
2017-04-15 10:30:36 26652 [ERROR] Error log throttle:          3 'Can't create thread to handle new connection' error(s) suppressed
2017-04-15 10:30:36 26652 [ERROR] Can't create thread to handle request (errno= 11)
2017-04-15 11:03:36 26652 [ERROR] Error log throttle:         27 'Can't create thread to handle new connection' error(s) suppressed
2017-04-15 11:03:36 26652 [ERROR] Can't create thread to handle request (errno= 11)
2017-04-15 11:04:57 26652 [ERROR] Error log throttle:         73 'Can't create thread to handle new connection' error(s) suppressed
2017-04-15 11:04:57 26652 [ERROR] Can't create thread to handle request (errno= 11)
2017-04-15 11:11:14 26652 [ERROR] Error log throttle:        280 'Can't create thread to handle new connection' error(s) suppressed
2017-04-15 11:11:14 26652 [ERROR] Can't create thread to handle request (errno= 11)
2017-04-15 11:12:18 26652 [ERROR] Error log throttle:        367 'Can't create thread to handle new connection' error(s) suppressed
2017-04-15 11:12:18 26652 [ERROR] Can't create thread to handle request (errno= 11)
2017-04-15 11:15:36 26652 [ERROR] Error log throttle:        328 'Can't create thread to handle new connection' error(s) suppressed
2017-04-15 11:15:36 26652 [ERROR] Can't create thread to handle request (errno= 11)
2017-04-15 11:16:37 26652 [ERROR] Error log throttle:        123 'Can't create thread to handle new connection' error(s) suppressed
2017-04-15 11:16:37 26652 [ERROR] Can't create thread to handle request (errno= 11)
2017-04-15 11:17:37 26652 [ERROR] Error log throttle:         10 'Can't create thread to handle new connection' error(s) suppressed
2017-04-15 11:17:37 26652 [ERROR] Can't create thread to handle request (errno= 11)
2017-04-15 11:18:40 26652 [ERROR] Error log throttle:         16 'Can't create thread to handle new connection' error(s) suppressed
2017-04-15 11:18:40 26652 [ERROR] Can't create thread to handle request (errno= 11)
2017-04-15 11:19:43 26652 [ERROR] Error log throttle:         16 'Can't create thread to handle new connection' error(s) suppressed
2017-04-15 11:19:43 26652 [ERROR] Can't create thread to handle request (errno= 11)
2017-04-15 11:20:46 26652 [ERROR] Error log throttle:         61 'Can't create thread to handle new connection' error(s) suppressed
2017-04-15 11:20:46 26652 [ERROR] Can't create thread to handle request (errno= 11)
2017-04-15 11:21:49 26652 [ERROR] Error log throttle:          8 'Can't create thread to handle new connection' error(s) suppressed
2017-04-15 11:21:49 26652 [ERROR] Can't create thread to handle request (errno= 11)
2017-04-15 11:22:49 26652 [ERROR] Error log throttle:          8 'Can't create thread to handle new connection' error(s) suppressed
2017-04-15 11:22:49 26652 [ERROR] Can't create thread to handle request (errno= 11)
2017-04-15 11:23:55 26652 [ERROR] Error log throttle:          9 'Can't create thread to handle new connection' error(s) suppressed
2017-04-15 11:23:55 26652 [ERROR] Can't create thread to handle request (errno= 11)
2017-04-15 11:24:58 26652 [ERROR] Error log throttle:         16 'Can't create thread to handle new connection' error(s) suppressed
2017-04-15 11:24:58 26652 [ERROR] Can't create thread to handle request (errno= 11)
2017-04-15 11:26:01 26652 [ERROR] Error log throttle:          8 'Can't create thread to handle new connection' error(s) suppressed
2017-04-15 11:26:01 26652 [ERROR] Can't create thread to handle request (errno= 11)
2017-04-15 11:27:04 26652 [ERROR] Error log throttle:         10 'Can't create thread to handle new connection' error(s) suppressed
2017-04-15 11:27:04 26652 [ERROR] Can't create thread to handle request (errno= 11)
2017-04-15 11:28:07 26652 [ERROR] Error log throttle:          8 'Can't create thread to handle new connection' error(s) suppressed
2017-04-15 11:28:07 26652 [ERROR] Can't create thread to handle request (errno= 11)
2017-04-15 11:29:10 26652 [ERROR] Error log throttle:          8 'Can't create thread to handle new connection' error(s) suppressed
2017-04-15 11:29:10 26652 [ERROR] Can't create thread to handle request (errno= 11)
2017-04-15 11:30:14 26652 [ERROR] Error log throttle:          9 'Can't create thread to handle new connection' error(s) suppressed
2017-04-15 11:30:14 26652 [ERROR] Can't create thread to handle request (errno= 11)
2017-04-15 11:31:17 26652 [ERROR] Error log throttle:          8 'Can't create thread to handle new connection' error(s) suppressed
2017-04-15 11:31:17 26652 [ERROR] Can't create thread to handle request (errno= 11)
2017-04-15 11:32:20 26652 [ERROR] Error log throttle:          8 'Can't create thread to handle new connection' error(s) suppressed
2017-04-15 11:32:20 26652 [ERROR] Can't create thread to handle request (errno= 11)
2017-04-15 11:33:23 26652 [ERROR] Error log throttle:          8 'Can't create thread to handle new connection' error(s) suppressed
2017-04-15 11:33:23 26652 [ERROR] Can't create thread to handle request (errno= 11)
2017-04-15 11:34:26 26652 [ERROR] Error log throttle:          8 'Can't create thread to handle new connection' error(s) suppressed
2017-04-15 11:34:26 26652 [ERROR] Can't create thread to handle request (errno= 11)
2017-04-15 11:35:29 26652 [ERROR] Error log throttle:          9 'Can't create thread to handle new connection' error(s) suppressed
2017-04-15 11:35:29 26652 [ERROR] Can't create thread to handle request (errno= 11)
2017-04-15 11:35:40 26652 [ERROR] Can't create thread to kill server (errno= 11)
170415 11:35:51 mysqld_safe Number of processes running now: 0
170415 11:35:51 mysqld_safe mysqld restarted
2017-04-15 11:35:51 0 [Warning] TIMESTAMP with implicit DEFAULT value is deprecated. Please use --explicit_defaults_for_timestamp server option (see documentation for more details).
2017-04-15 11:35:51 0 [Note] /home/hadoop/mysql-5.6.33/bin/mysqld (mysqld 5.6.33) starting as process 21320 ...
2017-04-15 11:35:51 21320 [Note] Plugin 'FEDERATED' is disabled.
2017-04-15 11:35:51 21320 [Note] InnoDB: Using atomics to ref count buffer pool pages
2017-04-15 11:35:51 21320 [Note] InnoDB: The InnoDB memory heap is disabled
2017-04-15 11:35:51 21320 [Note] InnoDB: Mutexes and rw_locks use GCC atomic builtins
2017-04-15 11:35:51 21320 [Note] InnoDB: Memory barrier is not used
2017-04-15 11:35:51 21320 [Note] InnoDB: Compressed tables use zlib 1.2.3
2017-04-15 11:35:51 21320 [Note] InnoDB: Using Linux native AIO
2017-04-15 11:35:51 21320 [Note] InnoDB: Not using CPU crc32 instructions
2017-04-15 11:35:51 21320 [Note] InnoDB: Initializing buffer pool, size = 128.0M
2017-04-15 11:35:51 21320 [Note] InnoDB: Completed initialization of buffer pool
2017-04-15 11:35:51 21320 [Note] InnoDB: Highest supported file format is Barracuda.
2017-04-15 11:35:51 21320 [Note] InnoDB: The log sequence numbers 1625987 and 1625987 in ibdata files do not match the log sequence number 1685814550 in the ib_logfiles!
2017-04-15 11:35:51 21320 [Note] InnoDB: Database was not shutdown normally!
2017-04-15 11:35:51 21320 [Note] InnoDB: Starting crash recovery.
2017-04-15 11:35:51 21320 [Note] InnoDB: Reading tablespace information from the .ibd files...
2017-04-15 11:35:52 21320 [Note] InnoDB: Restoring possible half-written data pages 
2017-04-15 11:35:52 21320 [Note] InnoDB: from the doublewrite buffer...
2017-04-15 11:35:52 21320 [Note] InnoDB: 128 rollback segment(s) are active.
2017-04-15 11:35:52 21320 [Note] InnoDB: Waiting for purge to start
2017-04-15 11:35:52 21320 [Note] InnoDB: 5.6.33 started; log sequence number 1685814550
2017-04-15 11:35:52 21320 [Note] Server hostname (bind-address): '*'; port: 3306
2017-04-15 11:35:52 21320 [Note] IPv6 is available.
2017-04-15 11:35:52 21320 [Note]   - '::' resolves to '::';
2017-04-15 11:35:52 21320 [Note] Server socket created on IP: '::'.
2017-04-15 11:35:52 21320 [Note] Event Scheduler: Loaded 0 events
2017-04-15 11:35:52 21320 [Note] /home/hadoop/mysql-5.6.33/bin/mysqld: ready for connections.
Version: '5.6.33'  socket: '/tmp/mysql.sock'  port: 3306  MySQL Community Server (GPL)
2017-04-15 11:35:57 21320 [Warning] IP address '192.168.0.75' could not be resolved: Name or service not known
2017-04-15 11:35:57 21320 [ERROR] Can't create thread to handle request (errno= 11)
170415 11:37:17 mysqld_safe Starting mysqld daemon with databases from /home/hadoop/mysql-5.6.33/data
2017-04-15 11:37:17 0 [Warning] TIMESTAMP with implicit DEFAULT value is deprecated. Please use --explicit_defaults_for_timestamp server option (see documentation for more details).
2017-04-15 11:37:17 0 [Note] /home/hadoop/mysql-5.6.33/bin/mysqld (mysqld 5.6.33) starting as process 21979 ...
2017-04-15 11:37:17 21979 [Note] Plugin 'FEDERATED' is disabled.
2017-04-15 11:37:17 21979 [Note] InnoDB: Using atomics to ref count buffer pool pages
2017-04-15 11:37:17 21979 [Note] InnoDB: The InnoDB memory heap is disabled
2017-04-15 11:37:17 21979 [Note] InnoDB: Mutexes and rw_locks use GCC atomic builtins
2017-04-15 11:37:17 21979 [Note] InnoDB: Memory barrier is not used
2017-04-15 11:37:17 21979 [Note] InnoDB: Compressed tables use zlib 1.2.3
2017-04-15 11:37:17 21979 [Note] InnoDB: Using Linux native AIO
2017-04-15 11:37:17 21979 [Note] InnoDB: Not using CPU crc32 instructions
2017-04-15 11:37:17 21979 [Note] InnoDB: Initializing buffer pool, size = 128.0M
2017-04-15 11:37:17 21979 [Note] InnoDB: Completed initialization of buffer pool
2017-04-15 11:37:17 21979 [Note] InnoDB: Highest supported file format is Barracuda.
2017-04-15 11:37:17 21979 [Note] InnoDB: Log scan progressed past the checkpoint lsn 1685814560
2017-04-15 11:37:17 21979 [Note] InnoDB: Database was not shutdown normally!
2017-04-15 11:37:17 21979 [Note] InnoDB: Starting crash recovery.
2017-04-15 11:37:17 21979 [Note] InnoDB: Reading tablespace information from the .ibd files...
2017-04-15 11:37:17 21979 [Note] InnoDB: Restoring possible half-written data pages 
2017-04-15 11:37:17 21979 [Note] InnoDB: from the doublewrite buffer...
InnoDB: Doing recovery: scanned up to log sequence number 1685821055
2017-04-15 11:37:17 21979 [Note] InnoDB: Starting an apply batch of log records to the database...
InnoDB: Progress in percent: 71 72 73 74 75 76 77 78 79 80 81 82 83 84 85 86 87 88 89 90 91 92 93 94 95 96 97 98 99 
InnoDB: Apply batch completed
2017-04-15 11:37:18 21979 [Note] InnoDB: 128 rollback segment(s) are active.
2017-04-15 11:37:18 21979 [Note] InnoDB: Waiting for purge to start
2017-04-15 11:37:18 21979 [Note] InnoDB: 5.6.33 started; log sequence number 1685821055
2017-04-15 11:37:18 21979 [Note] Server hostname (bind-address): '*'; port: 3306
2017-04-15 11:37:18 21979 [Note] IPv6 is available.
2017-04-15 11:37:18 21979 [Note]   - '::' resolves to '::';
2017-04-15 11:37:18 21979 [Note] Server socket created on IP: '::'.
2017-04-15 11:37:18 21979 [Note] Event Scheduler: Loaded 0 events
2017-04-15 11:37:18 21979 [Note] /home/hadoop/mysql-5.6.33/bin/mysqld: ready for connections.
Version: '5.6.33'  socket: '/tmp/mysql.sock'  port: 3306  MySQL Community Server (GPL)
2017-04-15 11:37:21 21979 [Warning] IP address '192.168.0.75' could not be resolved: Name or service not known
2017-04-15 11:52:34 21979 [Note] /home/hadoop/mysql-5.6.33/bin/mysqld: Normal shutdown

2017-04-15 11:52:34 21979 [Note] Giving 28 client threads a chance to die gracefully
2017-04-15 11:52:34 21979 [Note] Event Scheduler: Purging the queue. 0 events
2017-04-15 11:52:34 21979 [Note] Shutting down slave threads
2017-04-15 11:52:36 21979 [Note] Forcefully disconnecting 28 remaining clients
2017-04-15 11:52:36 21979 [Warning] /home/hadoop/mysql-5.6.33/bin/mysqld: Forcing close of thread 1  user: 'root'

2017-04-15 11:52:36 21979 [Warning] /home/hadoop/mysql-5.6.33/bin/mysqld: Forcing close of thread 2  user: 'root'

2017-04-15 11:52:36 21979 [Warning] /home/hadoop/mysql-5.6.33/bin/mysqld: Forcing close of thread 3  user: 'root'

2017-04-15 11:52:36 21979 [Warning] /home/hadoop/mysql-5.6.33/bin/mysqld: Forcing close of thread 50  user: 'root'

2017-04-15 11:52:36 21979 [Warning] /home/hadoop/mysql-5.6.33/bin/mysqld: Forcing close of thread 240  user: 'root'

2017-04-15 11:52:36 21979 [Warning] /home/hadoop/mysql-5.6.33/bin/mysqld: Forcing close of thread 111  user: 'root'

2017-04-15 11:52:36 21979 [Warning] /home/hadoop/mysql-5.6.33/bin/mysqld: Forcing close of thread 109  user: 'root'

2017-04-15 11:52:36 21979 [Warning] /home/hadoop/mysql-5.6.33/bin/mysqld: Forcing close of thread 51  user: 'root'

2017-04-15 11:52:36 21979 [Warning] /home/hadoop/mysql-5.6.33/bin/mysqld: Forcing close of thread 112  user: 'root'

2017-04-15 11:52:36 21979 [Warning] /home/hadoop/mysql-5.6.33/bin/mysqld: Forcing close of thread 46  user: 'root'

2017-04-15 11:52:36 21979 [Warning] /home/hadoop/mysql-5.6.33/bin/mysqld: Forcing close of thread 47  user: 'root'

2017-04-15 11:52:36 21979 [Warning] /home/hadoop/mysql-5.6.33/bin/mysqld: Forcing close of thread 113  user: 'root'

2017-04-15 11:52:36 21979 [Warning] /home/hadoop/mysql-5.6.33/bin/mysqld: Forcing close of thread 114  user: 'root'

2017-04-15 11:52:36 21979 [Warning] /home/hadoop/mysql-5.6.33/bin/mysqld: Forcing close of thread 110  user: 'root'

2017-04-15 11:52:36 21979 [Warning] /home/hadoop/mysql-5.6.33/bin/mysqld: Forcing close of thread 115  user: 'root'

2017-04-15 11:52:36 21979 [Warning] /home/hadoop/mysql-5.6.33/bin/mysqld: Forcing close of thread 116  user: 'root'

2017-04-15 11:52:36 21979 [Warning] /home/hadoop/mysql-5.6.33/bin/mysqld: Forcing close of thread 117  user: 'root'

2017-04-15 11:52:36 21979 [Warning] /home/hadoop/mysql-5.6.33/bin/mysqld: Forcing close of thread 118  user: 'root'

2017-04-15 11:52:36 21979 [Warning] /home/hadoop/mysql-5.6.33/bin/mysqld: Forcing close of thread 162  user: 'root'

2017-04-15 11:52:36 21979 [Warning] /home/hadoop/mysql-5.6.33/bin/mysqld: Forcing close of thread 149  user: 'root'

2017-04-15 11:52:36 21979 [Warning] /home/hadoop/mysql-5.6.33/bin/mysqld: Forcing close of thread 150  user: 'root'

2017-04-15 11:52:36 21979 [Warning] /home/hadoop/mysql-5.6.33/bin/mysqld: Forcing close of thread 151  user: 'root'

2017-04-15 11:52:36 21979 [Warning] /home/hadoop/mysql-5.6.33/bin/mysqld: Forcing close of thread 152  user: 'root'

2017-04-15 11:52:36 21979 [Warning] /home/hadoop/mysql-5.6.33/bin/mysqld: Forcing close of thread 241  user: 'root'

2017-04-15 11:52:36 21979 [Warning] /home/hadoop/mysql-5.6.33/bin/mysqld: Forcing close of thread 244  user: 'root'

2017-04-15 11:52:36 21979 [Warning] /home/hadoop/mysql-5.6.33/bin/mysqld: Forcing close of thread 245  user: 'root'

2017-04-15 11:52:36 21979 [Warning] /home/hadoop/mysql-5.6.33/bin/mysqld: Forcing close of thread 195  user: 'root'

2017-04-15 11:52:36 21979 [Warning] /home/hadoop/mysql-5.6.33/bin/mysqld: Forcing close of thread 196  user: 'root'

2017-04-15 11:52:36 21979 [Note] Binlog end
2017-04-15 11:52:36 21979 [Note] Shutting down plugin 'partition'
2017-04-15 11:52:36 21979 [Note] Shutting down plugin 'ARCHIVE'
2017-04-15 11:52:36 21979 [Note] Shutting down plugin 'BLACKHOLE'
2017-04-15 11:52:36 21979 [Note] Shutting down plugin 'PERFORMANCE_SCHEMA'
2017-04-15 11:52:36 21979 [Note] Shutting down plugin 'INNODB_SYS_DATAFILES'
2017-04-15 11:52:36 21979 [Note] Shutting down plugin 'INNODB_SYS_TABLESPACES'
2017-04-15 11:52:36 21979 [Note] Shutting down plugin 'INNODB_SYS_FOREIGN_COLS'
2017-04-15 11:52:36 21979 [Note] Shutting down plugin 'INNODB_SYS_FOREIGN'
2017-04-15 11:52:36 21979 [Note] Shutting down plugin 'INNODB_SYS_FIELDS'
2017-04-15 11:52:36 21979 [Note] Shutting down plugin 'INNODB_SYS_COLUMNS'
2017-04-15 11:52:36 21979 [Note] Shutting down plugin 'INNODB_SYS_INDEXES'
2017-04-15 11:52:36 21979 [Note] Shutting down plugin 'INNODB_SYS_TABLESTATS'
2017-04-15 11:52:36 21979 [Note] Shutting down plugin 'INNODB_SYS_TABLES'
2017-04-15 11:52:36 21979 [Note] Shutting down plugin 'INNODB_FT_INDEX_TABLE'
2017-04-15 11:52:36 21979 [Note] Shutting down plugin 'INNODB_FT_INDEX_CACHE'
2017-04-15 11:52:36 21979 [Note] Shutting down plugin 'INNODB_FT_CONFIG'
2017-04-15 11:52:36 21979 [Note] Shutting down plugin 'INNODB_FT_BEING_DELETED'
2017-04-15 11:52:36 21979 [Note] Shutting down plugin 'INNODB_FT_DELETED'
2017-04-15 11:52:36 21979 [Note] Shutting down plugin 'INNODB_FT_DEFAULT_STOPWORD'
2017-04-15 11:52:36 21979 [Note] Shutting down plugin 'INNODB_METRICS'
2017-04-15 11:52:36 21979 [Note] Shutting down plugin 'INNODB_BUFFER_POOL_STATS'
2017-04-15 11:52:36 21979 [Note] Shutting down plugin 'INNODB_BUFFER_PAGE_LRU'
2017-04-15 11:52:36 21979 [Note] Shutting down plugin 'INNODB_BUFFER_PAGE'
2017-04-15 11:52:36 21979 [Note] Shutting down plugin 'INNODB_CMP_PER_INDEX_RESET'
2017-04-15 11:52:36 21979 [Note] Shutting down plugin 'INNODB_CMP_PER_INDEX'
2017-04-15 11:52:36 21979 [Note] Shutting down plugin 'INNODB_CMPMEM_RESET'
2017-04-15 11:52:36 21979 [Note] Shutting down plugin 'INNODB_CMPMEM'
2017-04-15 11:52:36 21979 [Note] Shutting down plugin 'INNODB_CMP_RESET'
2017-04-15 11:52:36 21979 [Note] Shutting down plugin 'INNODB_CMP'
2017-04-15 11:52:36 21979 [Note] Shutting down plugin 'INNODB_LOCK_WAITS'
2017-04-15 11:52:36 21979 [Note] Shutting down plugin 'INNODB_LOCKS'
2017-04-15 11:52:36 21979 [Note] Shutting down plugin 'INNODB_TRX'
2017-04-15 11:52:36 21979 [Note] Shutting down plugin 'InnoDB'
2017-04-15 11:52:36 21979 [Note] InnoDB: FTS optimize thread exiting.
2017-04-15 11:52:36 21979 [Note] InnoDB: Starting shutdown...
2017-04-15 11:52:37 21979 [Note] InnoDB: Shutdown completed; log sequence number 1686207577
2017-04-15 11:52:37 21979 [Note] Shutting down plugin 'CSV'
2017-04-15 11:52:37 21979 [Note] Shutting down plugin 'MEMORY'
2017-04-15 11:52:37 21979 [Note] Shutting down plugin 'MyISAM'
2017-04-15 11:52:37 21979 [Note] Shutting down plugin 'MRG_MYISAM'
2017-04-15 11:52:37 21979 [Note] Shutting down plugin 'sha256_password'
2017-04-15 11:52:37 21979 [Note] Shutting down plugin 'mysql_old_password'
2017-04-15 11:52:37 21979 [Note] Shutting down plugin 'mysql_native_password'
2017-04-15 11:52:37 21979 [Note] Shutting down plugin 'binlog'
2017-04-15 11:52:37 21979 [Note] /home/hadoop/mysql-5.6.33/bin/mysqld: Shutdown complete

170415 11:52:37 mysqld_safe mysqld from pid file /home/hadoop/mysql-5.6.33/data/vm-ha-dispatch75.yn.com.pid ended
170415 11:54:21 mysqld_safe Starting mysqld daemon with databases from /home/hadoop/mysql-5.6.33/data
2017-04-15 11:54:21 0 [Warning] TIMESTAMP with implicit DEFAULT value is deprecated. Please use --explicit_defaults_for_timestamp server option (see documentation for more details).
2017-04-15 11:54:21 0 [Note] /home/hadoop/mysql-5.6.33/bin/mysqld (mysqld 5.6.33) starting as process 26176 ...
2017-04-15 11:54:21 26176 [Note] Plugin 'FEDERATED' is disabled.
2017-04-15 11:54:21 26176 [Note] InnoDB: Using atomics to ref count buffer pool pages
2017-04-15 11:54:21 26176 [Note] InnoDB: The InnoDB memory heap is disabled
2017-04-15 11:54:21 26176 [Note] InnoDB: Mutexes and rw_locks use GCC atomic builtins
2017-04-15 11:54:21 26176 [Note] InnoDB: Memory barrier is not used
2017-04-15 11:54:21 26176 [Note] InnoDB: Compressed tables use zlib 1.2.3
2017-04-15 11:54:21 26176 [Note] InnoDB: Using Linux native AIO
2017-04-15 11:54:21 26176 [Note] InnoDB: Not using CPU crc32 instructions
2017-04-15 11:54:21 26176 [Note] InnoDB: Initializing buffer pool, size = 1.0G
2017-04-15 11:54:21 26176 [Note] InnoDB: Completed initialization of buffer pool
2017-04-15 11:54:21 26176 [Note] InnoDB: Highest supported file format is Barracuda.
2017-04-15 11:54:21 26176 [Note] InnoDB: 128 rollback segment(s) are active.
2017-04-15 11:54:21 26176 [Note] InnoDB: Waiting for purge to start
2017-04-15 11:54:21 26176 [Note] InnoDB: 5.6.33 started; log sequence number 1686207577
2017-04-15 11:54:21 26176 [Note] Server hostname (bind-address): '*'; port: 3306
2017-04-15 11:54:21 26176 [Note] IPv6 is available.
2017-04-15 11:54:21 26176 [Note]   - '::' resolves to '::';
2017-04-15 11:54:21 26176 [Note] Server socket created on IP: '::'.
2017-04-15 11:54:21 26176 [Note] Event Scheduler: Loaded 0 events
2017-04-15 11:54:21 26176 [Note] /home/hadoop/mysql-5.6.33/bin/mysqld: ready for connections.
Version: '5.6.33'  socket: '/tmp/mysql.sock'  port: 3306  MySQL Community Server (GPL)
2017-04-15 11:54:21 26176 [Warning] IP address '192.168.0.75' could not be resolved: Name or service not known
2017-04-15 11:54:53 26176 [Note] /home/hadoop/mysql-5.6.33/bin/mysqld: Normal shutdown

2017-04-15 11:54:53 26176 [Note] Giving 7 client threads a chance to die gracefully
2017-04-15 11:54:53 26176 [Note] Event Scheduler: Purging the queue. 0 events
2017-04-15 11:54:53 26176 [Note] Shutting down slave threads
2017-04-15 11:54:55 26176 [Note] Forcefully disconnecting 7 remaining clients
2017-04-15 11:54:55 26176 [Warning] /home/hadoop/mysql-5.6.33/bin/mysqld: Forcing close of thread 1  user: 'root'

2017-04-15 11:54:55 26176 [Warning] /home/hadoop/mysql-5.6.33/bin/mysqld: Forcing close of thread 2  user: 'root'

2017-04-15 11:54:55 26176 [Warning] /home/hadoop/mysql-5.6.33/bin/mysqld: Forcing close of thread 3  user: 'root'

2017-04-15 11:54:55 26176 [Warning] /home/hadoop/mysql-5.6.33/bin/mysqld: Forcing close of thread 6  user: 'root'

2017-04-15 11:54:55 26176 [Warning] /home/hadoop/mysql-5.6.33/bin/mysqld: Forcing close of thread 7  user: 'root'

2017-04-15 11:54:55 26176 [Warning] /home/hadoop/mysql-5.6.33/bin/mysqld: Forcing close of thread 10  user: 'root'

2017-04-15 11:54:55 26176 [Warning] /home/hadoop/mysql-5.6.33/bin/mysqld: Forcing close of thread 11  user: 'root'

2017-04-15 11:54:55 26176 [Note] Binlog end
2017-04-15 11:54:55 26176 [Note] Shutting down plugin 'partition'
2017-04-15 11:54:55 26176 [Note] Shutting down plugin 'ARCHIVE'
2017-04-15 11:54:55 26176 [Note] Shutting down plugin 'BLACKHOLE'
2017-04-15 11:54:55 26176 [Note] Shutting down plugin 'PERFORMANCE_SCHEMA'
2017-04-15 11:54:55 26176 [Note] Shutting down plugin 'INNODB_SYS_DATAFILES'
2017-04-15 11:54:55 26176 [Note] Shutting down plugin 'INNODB_SYS_TABLESPACES'
2017-04-15 11:54:55 26176 [Note] Shutting down plugin 'INNODB_SYS_FOREIGN_COLS'
2017-04-15 11:54:55 26176 [Note] Shutting down plugin 'INNODB_SYS_FOREIGN'
2017-04-15 11:54:55 26176 [Note] Shutting down plugin 'INNODB_SYS_FIELDS'
2017-04-15 11:54:55 26176 [Note] Shutting down plugin 'INNODB_SYS_COLUMNS'
2017-04-15 11:54:55 26176 [Note] Shutting down plugin 'INNODB_SYS_INDEXES'
2017-04-15 11:54:55 26176 [Note] Shutting down plugin 'INNODB_SYS_TABLESTATS'
2017-04-15 11:54:55 26176 [Note] Shutting down plugin 'INNODB_SYS_TABLES'
2017-04-15 11:54:55 26176 [Note] Shutting down plugin 'INNODB_FT_INDEX_TABLE'
2017-04-15 11:54:55 26176 [Note] Shutting down plugin 'INNODB_FT_INDEX_CACHE'
2017-04-15 11:54:55 26176 [Note] Shutting down plugin 'INNODB_FT_CONFIG'
2017-04-15 11:54:55 26176 [Note] Shutting down plugin 'INNODB_FT_BEING_DELETED'
2017-04-15 11:54:55 26176 [Note] Shutting down plugin 'INNODB_FT_DELETED'
2017-04-15 11:54:55 26176 [Note] Shutting down plugin 'INNODB_FT_DEFAULT_STOPWORD'
2017-04-15 11:54:55 26176 [Note] Shutting down plugin 'INNODB_METRICS'
2017-04-15 11:54:55 26176 [Note] Shutting down plugin 'INNODB_BUFFER_POOL_STATS'
2017-04-15 11:54:55 26176 [Note] Shutting down plugin 'INNODB_BUFFER_PAGE_LRU'
2017-04-15 11:54:55 26176 [Note] Shutting down plugin 'INNODB_BUFFER_PAGE'
2017-04-15 11:54:55 26176 [Note] Shutting down plugin 'INNODB_CMP_PER_INDEX_RESET'
2017-04-15 11:54:55 26176 [Note] Shutting down plugin 'INNODB_CMP_PER_INDEX'
2017-04-15 11:54:55 26176 [Note] Shutting down plugin 'INNODB_CMPMEM_RESET'
2017-04-15 11:54:55 26176 [Note] Shutting down plugin 'INNODB_CMPMEM'
2017-04-15 11:54:55 26176 [Note] Shutting down plugin 'INNODB_CMP_RESET'
2017-04-15 11:54:55 26176 [Note] Shutting down plugin 'INNODB_CMP'
2017-04-15 11:54:55 26176 [Note] Shutting down plugin 'INNODB_LOCK_WAITS'
2017-04-15 11:54:55 26176 [Note] Shutting down plugin 'INNODB_LOCKS'
2017-04-15 11:54:55 26176 [Note] Shutting down plugin 'INNODB_TRX'
2017-04-15 11:54:55 26176 [Note] Shutting down plugin 'InnoDB'
2017-04-15 11:54:55 26176 [Note] InnoDB: FTS optimize thread exiting.
2017-04-15 11:54:55 26176 [Note] InnoDB: Starting shutdown...
2017-04-15 11:54:56 26176 [Note] InnoDB: Shutdown completed; log sequence number 1686214066
2017-04-15 11:54:56 26176 [Note] Shutting down plugin 'CSV'
2017-04-15 11:54:56 26176 [Note] Shutting down plugin 'MEMORY'
2017-04-15 11:54:56 26176 [Note] Shutting down plugin 'MyISAM'
2017-04-15 11:54:56 26176 [Note] Shutting down plugin 'MRG_MYISAM'
2017-04-15 11:54:56 26176 [Note] Shutting down plugin 'sha256_password'
2017-04-15 11:54:56 26176 [Note] Shutting down plugin 'mysql_old_password'
2017-04-15 11:54:56 26176 [Note] Shutting down plugin 'mysql_native_password'
2017-04-15 11:54:56 26176 [Note] Shutting down plugin 'binlog'
2017-04-15 11:54:56 26176 [Note] /home/hadoop/mysql-5.6.33/bin/mysqld: Shutdown complete

170415 11:54:56 mysqld_safe mysqld from pid file /home/hadoop/mysql-5.6.33/data/vm-ha-dispatch75.yn.com.pid ended
170415 11:55:03 mysqld_safe Starting mysqld daemon with databases from /home/hadoop/mysql-5.6.33/data
2017-04-15 11:55:04 0 [Warning] TIMESTAMP with implicit DEFAULT value is deprecated. Please use --explicit_defaults_for_timestamp server option (see documentation for more details).
2017-04-15 11:55:04 0 [Note] /home/hadoop/mysql-5.6.33/bin/mysqld (mysqld 5.6.33) starting as process 26596 ...
2017-04-15 11:55:04 26596 [Note] Plugin 'FEDERATED' is disabled.
2017-04-15 11:55:04 26596 [Note] InnoDB: Using atomics to ref count buffer pool pages
2017-04-15 11:55:04 26596 [Note] InnoDB: The InnoDB memory heap is disabled
2017-04-15 11:55:04 26596 [Note] InnoDB: Mutexes and rw_locks use GCC atomic builtins
2017-04-15 11:55:04 26596 [Note] InnoDB: Memory barrier is not used
2017-04-15 11:55:04 26596 [Note] InnoDB: Compressed tables use zlib 1.2.3
2017-04-15 11:55:04 26596 [Note] InnoDB: Using Linux native AIO
2017-04-15 11:55:04 26596 [Note] InnoDB: Not using CPU crc32 instructions
2017-04-15 11:55:04 26596 [Note] InnoDB: Initializing buffer pool, size = 1.0G
2017-04-15 11:55:04 26596 [Note] InnoDB: Completed initialization of buffer pool
2017-04-15 11:55:04 26596 [Note] InnoDB: Highest supported file format is Barracuda.
2017-04-15 11:55:04 26596 [Note] InnoDB: 128 rollback segment(s) are active.
2017-04-15 11:55:04 26596 [Note] InnoDB: Waiting for purge to start
2017-04-15 11:55:04 26596 [Note] InnoDB: 5.6.33 started; log sequence number 1686214066
2017-04-15 11:55:04 26596 [Note] Server hostname (bind-address): '*'; port: 3306
2017-04-15 11:55:04 26596 [Note] IPv6 is available.
2017-04-15 11:55:04 26596 [Note]   - '::' resolves to '::';
2017-04-15 11:55:04 26596 [Note] Server socket created on IP: '::'.
2017-04-15 11:55:04 26596 [Note] Event Scheduler: Loaded 0 events
2017-04-15 11:55:04 26596 [Note] /home/hadoop/mysql-5.6.33/bin/mysqld: ready for connections.
Version: '5.6.33'  socket: '/tmp/mysql.sock'  port: 3306  MySQL Community Server (GPL)
2017-04-15 11:55:17 26596 [Warning] IP address '192.168.0.75' could not be resolved: Name or service not known
